<?xml version="1.0" encoding="UTF-8"?>
<!-- Generated by org.testng.reporters.JUnitXMLReporter -->
<testsuite ignored="0" hostname="DESKTOP-G1OPJ5I" failures="0" tests="3" name="Default test" time="5.85" errors="0" timestamp="2023-11-10T12:50:46 EET">
  <testcase classname="tests.subscribePackagesTest" name="test_ckeckLebanonPackages" time="2.433"/>
  <testcase classname="tests.subscribePackagesTest" name="test_ckeckMoroccoPackages" time="1.875"/>
  <testcase classname="tests.subscribePackagesTest" name="test_ckeckUAEPackages" time="1.487"/>
</testsuite> <!-- Default test -->
